[debug] [2023-12-07T09:01:13.871Z] ----------------------------------------------------------------------
[debug] [2023-12-07T09:01:13.877Z] Command:       C:\Program Files\nodejs\node.exe C:\Users\serka\AppData\Roaming\npm\node_modules\firebase-tools\lib\bin\firebase.js deploy
[debug] [2023-12-07T09:01:13.877Z] CLI Version:   12.5.2
[debug] [2023-12-07T09:01:13.877Z] Platform:      win32
[debug] [2023-12-07T09:01:13.877Z] Node Version:  v20.10.0
[debug] [2023-12-07T09:01:13.878Z] Time:          Thu Dec 07 2023 12:01:13 GMT+0300 (GMT+03:00)
[debug] [2023-12-07T09:01:13.878Z] ----------------------------------------------------------------------
[debug] 
[debug] [2023-12-07T09:01:13.885Z] >>> [apiv2][query] GET https://firebase-public.firebaseio.com/cli.json [none]
[debug] [2023-12-07T09:01:14.037Z] > command requires scopes: ["email","openid","https://www.googleapis.com/auth/cloudplatformprojects.readonly","https://www.googleapis.com/auth/firebase","https://www.googleapis.com/auth/cloud-platform"]
[debug] [2023-12-07T09:01:14.037Z] > authorizing via signed-in user (serkankaragoz2002@gmail.com)
[debug] [2023-12-07T09:01:14.038Z] [iam] checking project solana-blockchain-project for permissions ["firebase.projects.get","firebasehosting.sites.update"]
[debug] [2023-12-07T09:01:14.039Z] > refreshing access token with scopes: []
[debug] [2023-12-07T09:01:14.040Z] >>> [apiv2][query] POST https://www.googleapis.com/oauth2/v3/token [none]
[debug] [2023-12-07T09:01:14.040Z] >>> [apiv2][body] POST https://www.googleapis.com/oauth2/v3/token [omitted]
[debug] [2023-12-07T09:01:14.276Z] <<< [apiv2][status] POST https://www.googleapis.com/oauth2/v3/token 200
[debug] [2023-12-07T09:01:14.276Z] <<< [apiv2][body] POST https://www.googleapis.com/oauth2/v3/token [omitted]
[debug] [2023-12-07T09:01:14.291Z] >>> [apiv2][query] POST https://cloudresourcemanager.googleapis.com/v1/projects/solana-blockchain-project:testIamPermissions [none]
[debug] [2023-12-07T09:01:14.291Z] >>> [apiv2][(partial)header] POST https://cloudresourcemanager.googleapis.com/v1/projects/solana-blockchain-project:testIamPermissions x-goog-quota-user=projects/solana-blockchain-project
[debug] [2023-12-07T09:01:14.291Z] >>> [apiv2][body] POST https://cloudresourcemanager.googleapis.com/v1/projects/solana-blockchain-project:testIamPermissions {"permissions":["firebase.projects.get","firebasehosting.sites.update"]}
[debug] [2023-12-07T09:01:14.429Z] <<< [apiv2][status] GET https://firebase-public.firebaseio.com/cli.json 200
[debug] [2023-12-07T09:01:14.429Z] <<< [apiv2][body] GET https://firebase-public.firebaseio.com/cli.json {"cloudBuildErrorAfter":1594252800000,"cloudBuildWarnAfter":1590019200000,"defaultNode10After":1594252800000,"minVersion":"3.0.5","node8DeploysDisabledAfter":1613390400000,"node8RuntimeDisabledAfter":1615809600000,"node8WarnAfter":1600128000000}
